WARNING:root:This file does not exist: (/tmp/tmp76kuw7xx/Magisk-v27.0.apk)
WARNING:root:This file is not a type that is currently handled (CRX, APK, CRX Manifest, or APK Manifest): (/tmp/tmp76kuw7xx/Magisk-v27.0.apk)
WARNING:root:This file does not exist: (/tmp/tmpjvsy6vr6/Magisk-v27.0.apk)
WARNING:root:This file is not a type that is currently handled (CRX, APK, CRX Manifest, or APK Manifest): (/tmp/tmpjvsy6vr6/Magisk-v27.0.apk)
WARNING:root:This file does not exist: (/tmp/tmpiav5jm1h/Magisk-v27.0.apk)
WARNING:root:This file is not a type that is currently handled (CRX, APK, CRX Manifest, or APK Manifest): (/tmp/tmpiav5jm1h/Magisk-v27.0.apk)
WARNING:root:This file does not exist: (/tmp/tmpa5i14rqd/Magisk-v27.0.apk)
WARNING:root:This file is not a type that is currently handled (CRX, APK, CRX Manifest, or APK Manifest): (/tmp/tmpa5i14rqd/Magisk-v27.0.apk)
WARNING:root:This file has no permissions: /tmp/tmp8sl7r0of/framework-res__auto_generated_rro_vendor.apk
WARNING:root:This file has no permissions: /tmp/tmpw3z5qwgj/SettingsProvider.apk
WARNING:root:This file has no permissions: /tmp/tmpfl3wevyq/PlatformNetworkPermissionConfig.apk
WARNING:root:This file has no permissions: /tmp/tmp7fc44x4s/split_phonesky_data_loader.config.arm64_v8a.apk
WARNING:root:This file has no permissions: /tmp/tmpfj4b26im/split_phonesky_data_loader.apk
WARNING:root:This file has no permissions: /tmp/tmpes08nrq6/split_config.en.apk
WARNING:root:This file has no permissions: /tmp/tmpzomv209k/split_config.arm64_v8a.apk
WARNING:root:This file has no permissions: /tmp/tmp635olhue/MediaProviderLegacy.apk
WARNING:root:This file has no permissions: /tmp/tmpb1flau7e/LocalTransport.apk
WARNING:root:This file has no permissions: /tmp/tmp315mldvu/InputDevices.apk
WARNING:root:This file has no permissions: /tmp/tmp5zfzv_u1/InProcessNetworkStack.apk
WARNING:root:This file has no permissions: /tmp/tmp3wvjjst8/GmsCoreSetupPrebuilt.apk
WARNING:root:This file has no permissions: /tmp/tmpl2on5vwa/CtsShimPrivPrebuilt.apk
WARNING:root:This file has no permissions: /tmp/tmpyyz0xuk2/wiringop.apk
WARNING:root:This file has no permissions: /tmp/tmp40k6k0ut/WallpaperBackup.apk
WARNING:root:This file has no permissions: /tmp/tmpk5x657nh/TrichromeLibrary.apk
WARNING:root:This file has no permissions: /tmp/tmpzyx58vkn/SimAppDialog.apk
WARNING:root:This file has no permissions: /tmp/tmp4ou9tl73/split_config.xxhdpi.apk
WARNING:root:This file has no permissions: /tmp/tmpr3qkhsf8/split_config.en.apk
WARNING:root:This file has no permissions: /tmp/tmp8a56qe0b/split_config.arm64_v8a.apk
WARNING:root:This file has no permissions: /tmp/tmp9v0ze5uf/HTMLViewer.apk
WARNING:root:This file has no permissions: /tmp/tmpllzg2s_l/GoogleExtShared.apk
WARNING:root:This file has no permissions: /tmp/tmpus_ung83/ExtShared.apk
WARNING:root:This file has no permissions: /tmp/tmpqh78rn0i/ExactCalculator.apk
WARNING:root:This file has no permissions: /tmp/tmp4ekkhuez/CtsShimPrebuilt.apk
WARNING:root:This file has no permissions: /tmp/tmp_b04plyx/CameraExtensionsProxy.apk
WARNING:root:This file has no permissions: /tmp/tmpk8inbf4v/BookmarkProvider.apk
WARNING:root:This file has no permissions: /tmp/tmp683vr9_7/BasicDreams.apk
WARNING:root:This file has no permissions: /tmp/tmp_qfq8v5y/InProcessTethering.apk
WARNING:root:This file has no permissions: /tmp/tmp_33yx673/ServiceConnectivityResources.apk
WARNING:root:This file has no permissions: /tmp/tmpka75o864/ServiceWifiResources.apk
WARNING:root:This file has no permissions: /tmp/tmp8t5551mj/ServiceWifiResources.apk
WARNING:root:This file has no permissions: /tmp/tmpqa414mdp/InProcessTethering.apk
WARNING:root:This file has no permissions: /tmp/tmponwkv5g8/ServiceConnectivityResources.apk
WARNING:root:This file has no permissions: /tmp/tmpj725igjy/ModuleMetadata.apk
WARNING:root:This file has no permissions: /tmp/tmp8fezofpz/DisplayCutoutEmulationTallOverlay.apk
WARNING:root:This file has no permissions: /tmp/tmpwqcrv27i/NavigationBarModeGesturalOverlayWideBack.apk
WARNING:root:This file has no permissions: /tmp/tmpxd75daci/FontNotoSerifSourceOverlay.apk
WARNING:root:This file has no permissions: /tmp/tmpyluuq_8q/DisplayCutoutEmulationCornerOverlay.apk
WARNING:root:This file has no permissions: /tmp/tmpx12ksm9p/DisplayCutoutEmulationDoubleOverlay.apk
WARNING:root:This file has no permissions: /tmp/tmp5nocuj31/DisplayCutoutEmulationHoleOverlay.apk
WARNING:root:This file has no permissions: /tmp/tmpliip_gdv/framework-res__auto_generated_rro_product.apk
WARNING:root:This file has no permissions: /tmp/tmptwt3173e/OneHandedModeGesturalOverlay.apk
WARNING:root:This file has no permissions: /tmp/tmps7f_1bs7/forceQueryablePackagesOverlay.apk
WARNING:root:This file has no permissions: /tmp/tmp1ow_rz1e/NavigationBarMode3ButtonOverlay.apk
WARNING:root:This file has no permissions: /tmp/tmpsc7ojby4/NavigationBarModeGesturalOverlayExtraWideBack.apk
WARNING:root:This file has no permissions: /tmp/tmp4_6g6i1v/NavigationBarModeGesturalOverlay.apk
WARNING:root:This file has no permissions: /tmp/tmp25h4lver/NavigationBarModeGesturalOverlayNarrowBack.apk
WARNING:root:This file has no permissions: /tmp/tmptpu_mcp1/RockchipPinnerService.apk
WARNING:root:This file has no permissions: /tmp/tmpny7pj6_l/DisplayCutoutEmulationWaterfallOverlay.apk
WARNING:root:This file does not exist: (/tmp/tmpbx5as_vx/p_com.android.vending6713272246579825493.apk)
WARNING:root:This file is not a type that is currently handled (CRX, APK, CRX Manifest, or APK Manifest): (/tmp/tmpbx5as_vx/p_com.android.vending6713272246579825493.apk)
WARNING:root:This file does not exist: (/tmp/tmp5g7hcg7b/p_phonesky_data_loader4716219979779988051.apk)
WARNING:root:This file is not a type that is currently handled (CRX, APK, CRX Manifest, or APK Manifest): (/tmp/tmp5g7hcg7b/p_phonesky_data_loader4716219979779988051.apk)
WARNING:root:This file does not exist: (/tmp/tmpgot8rddz/the.apk)
WARNING:root:This file is not a type that is currently handled (CRX, APK, CRX Manifest, or APK Manifest): (/tmp/tmpgot8rddz/the.apk)
WARNING:root:This file does not exist: (/tmp/tmp9fbj9pwp/the.apk)
WARNING:root:This file is not a type that is currently handled (CRX, APK, CRX Manifest, or APK Manifest): (/tmp/tmp9fbj9pwp/the.apk)
WARNING:root:This file does not exist: (/tmp/tmp4fui8axf/the.apk)
WARNING:root:This file is not a type that is currently handled (CRX, APK, CRX Manifest, or APK Manifest): (/tmp/tmp4fui8axf/the.apk)
WARNING:root:This file does not exist: (/tmp/tmpp6x9xghc/the.apk)
WARNING:root:This file is not a type that is currently handled (CRX, APK, CRX Manifest, or APK Manifest): (/tmp/tmpp6x9xghc/the.apk)
WARNING:root:This file has no permissions: /tmp/tmpamufk6yb/split_MapsDynamite.config.pl.apk
WARNING:root:This file has no permissions: /tmp/tmpm47wx6ta/split_config.pl.apk
WARNING:root:This file has no permissions: /tmp/tmpkc_vzxx0/split_MeasurementDynamite.config.pl.apk
WARNING:root:This file has no permissions: /tmp/tmpw6oltp8_/split_DynamiteModulesA.config.pl.apk
WARNING:root:This file has no permissions: /tmp/tmpiozgfs9t/split_DynamiteModulesC.config.pl.apk
WARNING:root:This file has no permissions: /tmp/tmpij69ii5c/split_DynamiteModulesA.apk
WARNING:root:This file has no permissions: /tmp/tmpcikzshfc/split_DynamiteModulesA.config.en.apk
WARNING:root:This file has no permissions: /tmp/tmpli16gi9u/split_DynamiteModulesA.config.hdpi.apk
WARNING:root:This file has no permissions: /tmp/tmp79h40oqc/split_DynamiteModulesC.apk
WARNING:root:This file has no permissions: /tmp/tmpre9nbyix/split_DynamiteModulesC.config.en.apk
WARNING:root:This file has no permissions: /tmp/tmpqx42oe65/split_DynamiteModulesC.config.hdpi.apk
WARNING:root:This file has no permissions: /tmp/tmp_x8x4ryu/split_GoogleCertificates.apk
WARNING:root:This file has no permissions: /tmp/tmpeof1mar9/split_MapsDynamite.apk
WARNING:root:This file has no permissions: /tmp/tmpjo177k0m/split_MapsDynamite.config.en.apk
WARNING:root:This file has no permissions: /tmp/tmpnrszm9xa/split_MapsDynamite.config.hdpi.apk
WARNING:root:This file has no permissions: /tmp/tmphywak3pz/split_MeasurementDynamite.apk
WARNING:root:This file has no permissions: /tmp/tmpp36lori4/split_MeasurementDynamite.config.en.apk
WARNING:root:This file has no permissions: /tmp/tmpn1w7trot/split_config.en.apk
WARNING:root:This file has no permissions: /tmp/tmpynjakjtt/split_config.hdpi.apk
WARNING:root:This file has no permissions: /tmp/tmp7ljtzb6z/split_config.en.apk
WARNING:root:This file has no permissions: /tmp/tmppo65az4o/split_extra_icu.apk
WARNING:root:This file has no permissions: /tmp/tmp8keqcoqo/split_config.pl.apk
WARNING:root:This file has no permissions: /tmp/tmp26i_qcma/split_config.arm64_v8a.apk
WARNING:root:This file has no permissions: /tmp/tmpu_gokvd2/split_config.en.apk
WARNING:root:This file has no permissions: /tmp/tmp4bl23i0s/split_phonesky_data_loader.apk
WARNING:root:This file has no permissions: /tmp/tmppkjl9fj3/split_phonesky_data_loader.config.arm64_v8a.apk
WARNING:root:This file does not exist: (/tmp/tmpu03k3gvf/p_com.android.vending6713272246579825493.apk)
WARNING:root:This file is not a type that is currently handled (CRX, APK, CRX Manifest, or APK Manifest): (/tmp/tmpu03k3gvf/p_com.android.vending6713272246579825493.apk)
WARNING:root:This file does not exist: (/tmp/tmpuankiy4s/p_phonesky_data_loader4716219979779988051.apk)
WARNING:root:This file is not a type that is currently handled (CRX, APK, CRX Manifest, or APK Manifest): (/tmp/tmpuankiy4s/p_phonesky_data_loader4716219979779988051.apk)
WARNING:root:This file does not exist: (/tmp/tmp1c13z4v5/the.apk)
WARNING:root:This file is not a type that is currently handled (CRX, APK, CRX Manifest, or APK Manifest): (/tmp/tmp1c13z4v5/the.apk)
WARNING:root:This file does not exist: (/tmp/tmpe7dt9oq8/the.apk)
WARNING:root:This file is not a type that is currently handled (CRX, APK, CRX Manifest, or APK Manifest): (/tmp/tmpe7dt9oq8/the.apk)
WARNING:root:This file does not exist: (/tmp/tmp0zfzv53k/the.apk)
WARNING:root:This file is not a type that is currently handled (CRX, APK, CRX Manifest, or APK Manifest): (/tmp/tmp0zfzv53k/the.apk)
WARNING:root:This file does not exist: (/tmp/tmpyjr3kmci/the.apk)
WARNING:root:This file is not a type that is currently handled (CRX, APK, CRX Manifest, or APK Manifest): (/tmp/tmpyjr3kmci/the.apk)
WARNING:root:This file has no permissions: /tmp/tmp9jc1st10/dl-Antifingerprinting.optional_241017100000.apk
WARNING:root:This file has no permissions: /tmp/tmp_0xdjutu/dl-PlayCloudSearch.optional_241017100000.apk
WARNING:root:This file has no permissions: /tmp/tmp0rtxhh6_/dl-MlkitOcrCommon.optional_241017100400.apk
WARNING:root:This file has no permissions: /tmp/tmpopfj1_u7/dl-VisionOcr.optional_241017100000.apk
WARNING:root:This file has no permissions: /tmp/tmp3ooieszw/dl-TfliteDynamiteDynamite.integ_234200803100400.apk
WARNING:root:This file has no permissions: /tmp/tmp_tpdotga/dl-MapsCoreDynamite.integ_234910200100400.apk
WARNING:root:This file has no permissions: /tmp/tmpbkzlo589/dl-AdsFdrDynamite.integ_240304704100000.apk
WARNING:root:This file has no permissions: /tmp/tmpwe_b3bbb/AdsDynamite.apk
WARNING:root:This file has no permissions: /tmp/tmpvkwcap76/CronetDynamite.apk
WARNING:root:This file has no permissions: /tmp/tmpyc1pmmt9/DynamiteLoader.apk
WARNING:root:This file does not exist: (/tmp/tmpt7m3pavu/Magisk-v27.0.apk)
WARNING:root:This file is not a type that is currently handled (CRX, APK, CRX Manifest, or APK Manifest): (/tmp/tmpt7m3pavu/Magisk-v27.0.apk)
WARNING:root:This file does not exist: (/tmp/tmpah3pf336/stub.apk)
WARNING:root:This file is not a type that is currently handled (CRX, APK, CRX Manifest, or APK Manifest): (/tmp/tmpah3pf336/stub.apk)
WARNING:root:This file does not exist: (/tmp/tmpxp0pof_k/GoogleCalendarSyncAdapter.apk)
WARNING:root:This file is not a type that is currently handled (CRX, APK, CRX Manifest, or APK Manifest): (/tmp/tmpxp0pof_k/GoogleCalendarSyncAdapter.apk)
WARNING:root:This file does not exist: (/tmp/tmp5efiqurk/GoogleContacts.apk)
WARNING:root:This file is not a type that is currently handled (CRX, APK, CRX Manifest, or APK Manifest): (/tmp/tmp5efiqurk/GoogleContacts.apk)
WARNING:root:This file does not exist: (/tmp/tmp37aw8yv8/GoogleContactsSyncAdapter.apk)
WARNING:root:This file is not a type that is currently handled (CRX, APK, CRX Manifest, or APK Manifest): (/tmp/tmp37aw8yv8/GoogleContactsSyncAdapter.apk)
WARNING:root:This file does not exist: (/tmp/tmpmpnekzb4/PrebuiltBugle.apk)
WARNING:root:This file is not a type that is currently handled (CRX, APK, CRX Manifest, or APK Manifest): (/tmp/tmpmpnekzb4/PrebuiltBugle.apk)
WARNING:root:This file does not exist: (/tmp/tmpkyryiqia/split_config.arm64_v8a.apk)
WARNING:root:This file is not a type that is currently handled (CRX, APK, CRX Manifest, or APK Manifest): (/tmp/tmpkyryiqia/split_config.arm64_v8a.apk)
WARNING:root:This file does not exist: (/tmp/tmp1qvpc4d3/split_config.en.apk)
WARNING:root:This file is not a type that is currently handled (CRX, APK, CRX Manifest, or APK Manifest): (/tmp/tmp1qvpc4d3/split_config.en.apk)
WARNING:root:This file does not exist: (/tmp/tmprsddvicm/split_config.xxhdpi.apk)
WARNING:root:This file is not a type that is currently handled (CRX, APK, CRX Manifest, or APK Manifest): (/tmp/tmprsddvicm/split_config.xxhdpi.apk)
WARNING:root:This file does not exist: (/tmp/tmpgg4ejfym/PrebuiltDeskClockGoogle.apk)
WARNING:root:This file is not a type that is currently handled (CRX, APK, CRX Manifest, or APK Manifest): (/tmp/tmpgg4ejfym/PrebuiltDeskClockGoogle.apk)
WARNING:root:This file does not exist: (/tmp/tmpgkmupvaf/GmsConfigOverlayCommon.apk)
WARNING:root:This file is not a type that is currently handled (CRX, APK, CRX Manifest, or APK Manifest): (/tmp/tmpgkmupvaf/GmsConfigOverlayCommon.apk)
WARNING:root:This file does not exist: (/tmp/tmp0en8tdmj/GmsConfigOverlayComms.apk)
WARNING:root:This file is not a type that is currently handled (CRX, APK, CRX Manifest, or APK Manifest): (/tmp/tmp0en8tdmj/GmsConfigOverlayComms.apk)
WARNING:root:This file does not exist: (/tmp/tmpkcvel1ai/GmsConfigOverlayGSA.apk)
WARNING:root:This file is not a type that is currently handled (CRX, APK, CRX Manifest, or APK Manifest): (/tmp/tmpkcvel1ai/GmsConfigOverlayGSA.apk)
WARNING:root:This file does not exist: (/tmp/tmpv1nfeo29/GmsContactsProviderOverlay.apk)
WARNING:root:This file is not a type that is currently handled (CRX, APK, CRX Manifest, or APK Manifest): (/tmp/tmpv1nfeo29/GmsContactsProviderOverlay.apk)
WARNING:root:This file does not exist: (/tmp/tmpvd4_9kxl/CarrierServices.apk)
WARNING:root:This file is not a type that is currently handled (CRX, APK, CRX Manifest, or APK Manifest): (/tmp/tmpvd4_9kxl/CarrierServices.apk)
WARNING:root:This file does not exist: (/tmp/tmpuc0tp59i/GoogleDialer.apk)
WARNING:root:This file is not a type that is currently handled (CRX, APK, CRX Manifest, or APK Manifest): (/tmp/tmpuc0tp59i/GoogleDialer.apk)
WARNING:root:This file does not exist: (/tmp/tmpvt11gu6x/GoogleServicesFramework.apk)
WARNING:root:This file is not a type that is currently handled (CRX, APK, CRX Manifest, or APK Manifest): (/tmp/tmpvt11gu6x/GoogleServicesFramework.apk)
WARNING:root:This file does not exist: (/tmp/tmpdux9uakj/Phonesky.apk)
WARNING:root:This file is not a type that is currently handled (CRX, APK, CRX Manifest, or APK Manifest): (/tmp/tmpdux9uakj/Phonesky.apk)
WARNING:root:This file does not exist: (/tmp/tmptqc4bzcy/split_config.arm64_v8a.apk)
WARNING:root:This file is not a type that is currently handled (CRX, APK, CRX Manifest, or APK Manifest): (/tmp/tmptqc4bzcy/split_config.arm64_v8a.apk)
WARNING:root:This file does not exist: (/tmp/tmpzcxlrspg/split_config.en.apk)
WARNING:root:This file is not a type that is currently handled (CRX, APK, CRX Manifest, or APK Manifest): (/tmp/tmpzcxlrspg/split_config.en.apk)
WARNING:root:This file does not exist: (/tmp/tmpxhr_27g4/split_phonesky_data_loader.apk)
WARNING:root:This file is not a type that is currently handled (CRX, APK, CRX Manifest, or APK Manifest): (/tmp/tmpxhr_27g4/split_phonesky_data_loader.apk)
WARNING:root:This file does not exist: (/tmp/tmpg01v4o39/split_phonesky_data_loader.config.arm64_v8a.apk)
WARNING:root:This file is not a type that is currently handled (CRX, APK, CRX Manifest, or APK Manifest): (/tmp/tmpg01v4o39/split_phonesky_data_loader.config.arm64_v8a.apk)
WARNING:root:This file does not exist: (/tmp/tmpcrz6d5jb/PrebuiltGmsCore.apk)
WARNING:root:This file is not a type that is currently handled (CRX, APK, CRX Manifest, or APK Manifest): (/tmp/tmpcrz6d5jb/PrebuiltGmsCore.apk)
WARNING:root:This file does not exist: (/tmp/tmp8w34ac2w/WellbeingPreBuilt.apk)
WARNING:root:This file is not a type that is currently handled (CRX, APK, CRX Manifest, or APK Manifest): (/tmp/tmp8w34ac2w/WellbeingPreBuilt.apk)
WARNING:root:This file does not exist: (/tmp/tmpcibs5lw9/dl-Antifingerprinting.optional_241017100000.apk)
WARNING:root:This file is not a type that is currently handled (CRX, APK, CRX Manifest, or APK Manifest): (/tmp/tmpcibs5lw9/dl-Antifingerprinting.optional_241017100000.apk)
WARNING:root:This file does not exist: (/tmp/tmp8s6vou81/dl-PlayCloudSearch.optional_241017100000.apk)
WARNING:root:This file is not a type that is currently handled (CRX, APK, CRX Manifest, or APK Manifest): (/tmp/tmp8s6vou81/dl-PlayCloudSearch.optional_241017100000.apk)
WARNING:root:This file does not exist: (/tmp/tmpcul749ac/dl-MlkitOcrCommon.optional_241017100400.apk)
WARNING:root:This file is not a type that is currently handled (CRX, APK, CRX Manifest, or APK Manifest): (/tmp/tmpcul749ac/dl-MlkitOcrCommon.optional_241017100400.apk)
WARNING:root:This file does not exist: (/tmp/tmp5zkq0skv/dl-VisionOcr.optional_241017100000.apk)
WARNING:root:This file is not a type that is currently handled (CRX, APK, CRX Manifest, or APK Manifest): (/tmp/tmp5zkq0skv/dl-VisionOcr.optional_241017100000.apk)
WARNING:root:This file does not exist: (/tmp/tmpk59qqfdh/dl-TfliteDynamiteDynamite.integ_234200803100400.apk)
WARNING:root:This file is not a type that is currently handled (CRX, APK, CRX Manifest, or APK Manifest): (/tmp/tmpk59qqfdh/dl-TfliteDynamiteDynamite.integ_234200803100400.apk)
WARNING:root:This file does not exist: (/tmp/tmpw17xo8yt/dl-MapsCoreDynamite.integ_234910200100400.apk)
WARNING:root:This file is not a type that is currently handled (CRX, APK, CRX Manifest, or APK Manifest): (/tmp/tmpw17xo8yt/dl-MapsCoreDynamite.integ_234910200100400.apk)
WARNING:root:This file does not exist: (/tmp/tmph21w3g0g/dl-AdsFdrDynamite.integ_240304704100000.apk)
WARNING:root:This file is not a type that is currently handled (CRX, APK, CRX Manifest, or APK Manifest): (/tmp/tmph21w3g0g/dl-AdsFdrDynamite.integ_240304704100000.apk)
WARNING:root:This file does not exist: (/tmp/tmph_1vimpn/AdsDynamite.apk)
WARNING:root:This file is not a type that is currently handled (CRX, APK, CRX Manifest, or APK Manifest): (/tmp/tmph_1vimpn/AdsDynamite.apk)
WARNING:root:This file does not exist: (/tmp/tmpt472adov/CronetDynamite.apk)
WARNING:root:This file is not a type that is currently handled (CRX, APK, CRX Manifest, or APK Manifest): (/tmp/tmpt472adov/CronetDynamite.apk)
WARNING:root:This file does not exist: (/tmp/tmpmr84tody/DynamiteLoader.apk)
WARNING:root:This file is not a type that is currently handled (CRX, APK, CRX Manifest, or APK Manifest): (/tmp/tmpmr84tody/DynamiteLoader.apk)
WARNING:root:This file does not exist: (/tmp/tmpe4yis853/p_com.android.vending6713272246579825493.apk)
WARNING:root:This file is not a type that is currently handled (CRX, APK, CRX Manifest, or APK Manifest): (/tmp/tmpe4yis853/p_com.android.vending6713272246579825493.apk)
WARNING:root:This file does not exist: (/tmp/tmp5fjvpxps/p_phonesky_data_loader4716219979779988051.apk)
WARNING:root:This file is not a type that is currently handled (CRX, APK, CRX Manifest, or APK Manifest): (/tmp/tmp5fjvpxps/p_phonesky_data_loader4716219979779988051.apk)
WARNING:root:This file does not exist: (/tmp/tmpr01dkc5a/the.apk)
WARNING:root:This file is not a type that is currently handled (CRX, APK, CRX Manifest, or APK Manifest): (/tmp/tmpr01dkc5a/the.apk)
WARNING:root:This file does not exist: (/tmp/tmpqqmxvwjz/the.apk)
WARNING:root:This file is not a type that is currently handled (CRX, APK, CRX Manifest, or APK Manifest): (/tmp/tmpqqmxvwjz/the.apk)
WARNING:root:This file does not exist: (/tmp/tmpih1yhswt/the.apk)
WARNING:root:This file is not a type that is currently handled (CRX, APK, CRX Manifest, or APK Manifest): (/tmp/tmpih1yhswt/the.apk)
WARNING:root:This file does not exist: (/tmp/tmppprguqks/the.apk)
WARNING:root:This file is not a type that is currently handled (CRX, APK, CRX Manifest, or APK Manifest): (/tmp/tmppprguqks/the.apk)
